<?xml version="1.0" encoding="UTF-8"?>
<testsuite name="org.theincodables.rpgvibes.RpgvibesApplicationTests" tests="1" skipped="0" failures="0" errors="0" timestamp="2023-10-19T15:05:27" hostname="hannas-mbp-2.lan" time="0.472">
  <properties/>
  <testcase name="contextLoads()" classname="org.theincodables.rpgvibes.RpgvibesApplicationTests" time="0.472"/>
  <system-out><![CDATA[10:05:23.672 [Test worker] INFO org.springframework.test.context.support.AnnotationConfigContextLoaderUtils -- Could not detect default configuration classes for test class [org.theincodables.rpgvibes.RpgvibesApplicationTests]: RpgvibesApplicationTests does not declare any static, non-private, non-final, nested classes annotated with @Configuration.
10:05:23.763 [Test worker] INFO org.springframework.boot.test.context.SpringBootTestContextBootstrapper -- Found @SpringBootConfiguration org.theincodables.rpgvibes.RpgvibesApplication for test class org.theincodables.rpgvibes.RpgvibesApplicationTests

  .   ____          _            __ _ _
 /\\ / ___'_ __ _ _(_)_ __  __ _ \ \ \ \
( ( )\___ | '_ | '_| | '_ \/ _` | \ \ \ \
 \\/  ___)| |_)| | | | | || (_| |  ) ) ) )
  '  |____| .__|_| |_|_| |_\__, | / / / /
 =========|_|==============|___/=/_/_/_/
 :: Spring Boot ::                (v3.1.4)

2023-10-19T10:05:24.042-05:00  INFO 62731 --- [    Test worker] o.t.rpgvibes.RpgvibesApplicationTests    : Starting RpgvibesApplicationTests using Java 17.0.9 with PID 62731 (started by hannaluechtefeld in /Users/hannaluechtefeld/Documents/Launchcode/LIFTOFF/liftoff-theIncodables/incodables-back-end)
2023-10-19T10:05:24.043-05:00  INFO 62731 --- [    Test worker] o.t.rpgvibes.RpgvibesApplicationTests    : No active profile set, falling back to 1 default profile: "default"
2023-10-19T10:05:24.523-05:00  INFO 62731 --- [    Test worker] .s.d.r.c.RepositoryConfigurationDelegate : Bootstrapping Spring Data JPA repositories in DEFAULT mode.
2023-10-19T10:05:24.566-05:00  INFO 62731 --- [    Test worker] .s.d.r.c.RepositoryConfigurationDelegate : Finished Spring Data repository scanning in 35 ms. Found 1 JPA repository interfaces.
2023-10-19T10:05:24.899-05:00  INFO 62731 --- [    Test worker] o.hibernate.jpa.internal.util.LogHelper  : HHH000204: Processing PersistenceUnitInfo [name: default]
2023-10-19T10:05:24.935-05:00  INFO 62731 --- [    Test worker] org.hibernate.Version                    : HHH000412: Hibernate ORM core version 6.2.9.Final
2023-10-19T10:05:24.936-05:00  INFO 62731 --- [    Test worker] org.hibernate.cfg.Environment            : HHH000406: Using bytecode reflection optimizer
2023-10-19T10:05:25.039-05:00  INFO 62731 --- [    Test worker] o.h.b.i.BytecodeProviderInitiator        : HHH000021: Bytecode provider name : bytebuddy
2023-10-19T10:05:25.129-05:00  INFO 62731 --- [    Test worker] o.s.o.j.p.SpringPersistenceUnitInfo      : No LoadTimeWeaver setup: ignoring JPA class transformer
2023-10-19T10:05:25.148-05:00  INFO 62731 --- [    Test worker] com.zaxxer.hikari.HikariDataSource       : HikariPool-1 - Starting...
2023-10-19T10:05:25.465-05:00  INFO 62731 --- [    Test worker] com.zaxxer.hikari.pool.HikariPool        : HikariPool-1 - Added connection com.mysql.cj.jdbc.ConnectionImpl@1fb6b8fb
2023-10-19T10:05:25.466-05:00  INFO 62731 --- [    Test worker] com.zaxxer.hikari.HikariDataSource       : HikariPool-1 - Start completed.
2023-10-19T10:05:25.691-05:00  INFO 62731 --- [    Test worker] o.h.b.i.BytecodeProviderInitiator        : HHH000021: Bytecode provider name : bytebuddy
2023-10-19T10:05:26.209-05:00  INFO 62731 --- [    Test worker] o.h.e.t.j.p.i.JtaPlatformInitiator       : HHH000490: Using JtaPlatform implementation: [org.hibernate.engine.transaction.jta.platform.internal.NoJtaPlatform]
2023-10-19T10:05:26.403-05:00  INFO 62731 --- [    Test worker] j.LocalContainerEntityManagerFactoryBean : Initialized JPA EntityManagerFactory for persistence unit 'default'
2023-10-19T10:05:26.520-05:00  WARN 62731 --- [    Test worker] JpaBaseConfiguration$JpaWebConfiguration : spring.jpa.open-in-view is enabled by default. Therefore, database queries may be performed during view rendering. Explicitly configure spring.jpa.open-in-view to disable this warning
2023-10-19T10:05:26.647-05:00  INFO 62731 --- [    Test worker] o.s.b.a.w.s.WelcomePageHandlerMapping    : Adding welcome page template: index
2023-10-19T10:05:27.051-05:00  INFO 62731 --- [    Test worker] o.t.rpgvibes.RpgvibesApplicationTests    : Started RpgvibesApplicationTests in 3.176 seconds (process running for 4.107)
]]></system-out>
  <system-err><![CDATA[]]></system-err>
</testsuite>
